▲ Next.js 16.2.7 (Turbopack)
- Local:         http://localhost:3001
- Network:       http://192.168.137.1:3001
- Environments: .env.local
✓ Ready in 926ms

○ Compiling / ...
 GET / 200 in 5.4s (next.js: 5.0s, application-code: 402ms)
 GET / 200 in 96ms (next.js: 9ms, application-code: 87ms)
 GET /login 200 in 655ms (next.js: 551ms, application-code: 104ms)
 GET /signup 200 in 621ms (next.js: 542ms, application-code: 78ms)
 GET /pricing 200 in 790ms (next.js: 700ms, application-code: 90ms)
 GET /business 200 in 707ms (next.js: 603ms, application-code: 104ms)
 GET /about 200 in 605ms (next.js: 529ms, application-code: 76ms)
 GET /contact 200 in 581ms (next.js: 520ms, application-code: 61ms)
 GET /verify 200 in 633ms (next.js: 551ms, application-code: 82ms)
 GET /scans 200 in 669ms (next.js: 573ms, application-code: 96ms)
 GET /business 200 in 132ms (next.js: 13ms, application-code: 119ms)
 GET /settings 200 in 2.1s (next.js: 1949ms, application-code: 132ms)
 GET /dashboard 200 in 784ms (next.js: 679ms, application-code: 104ms)
 GET /dashboard/assets 200 in 3.0s (next.js: 2.7s, application-code: 287ms)
 GET /dashboard/alerts 200 in 766ms (next.js: 664ms, application-code: 103ms)
 GET /dashboard/billing 200 in 731ms (next.js: 653ms, application-code: 78ms)
 GET /dashboard/reports 200 in 795ms (next.js: 712ms, application-code: 83ms)
 GET / 200 in 247ms (next.js: 28ms, application-code: 219ms)
 GET /dashboard/team 200 in 1038ms (next.js: 893ms, application-code: 144ms)
 GET /auth/login 200 in 917ms (next.js: 792ms, application-code: 125ms)
 GET /business 200 in 145ms (next.js: 8ms, application-code: 137ms)
 GET /services/company-verification 200 in 1000ms (next.js: 899ms, application-code: 101ms)
 GET / 200 in 136ms (next.js: 8ms, application-code: 128ms)
 GET /login 200 in 112ms (next.js: 37ms, application-code: 75ms)
 GET /dashboard/assets 200 in 58ms (next.js: 6ms, application-code: 52ms)
 GET /business 200 in 76ms (next.js: 5ms, application-code: 72ms)
 GET / 200 in 61ms (next.js: 4ms, application-code: 57ms)
 GET /auth/login 200 in 77ms (next.js: 5ms, application-code: 72ms)
 GET /dashboard 200 in 33ms (next.js: 6ms, application-code: 27ms)
 GET /dashboard 200 in 115ms (next.js: 66ms, application-code: 49ms)
✓ Compiled in 260ms
 GET /dashboard 200 in 172ms (next.js: 9ms, application-code: 163ms)
 GET /dashboard 200 in 57ms (next.js: 5ms, application-code: 52ms)
 GET /dashboard 200 in 101ms (next.js: 8ms, application-code: 93ms)
 GET /dashboard 200 in 77ms (next.js: 7ms, application-code: 70ms)
 GET /auth/login 200 in 55ms (next.js: 14ms, application-code: 41ms)
 GET /pricing 200 in 92ms (next.js: 30ms, application-code: 62ms)
 GET /contact 200 in 85ms (next.js: 25ms, application-code: 60ms)
 GET /auth/login 200 in 69ms (next.js: 5ms, application-code: 64ms)
 GET /about 200 in 108ms (next.js: 26ms, application-code: 82ms)
 GET /pricing 200 in 54ms (next.js: 4ms, application-code: 51ms)
 GET /business 200 in 93ms (next.js: 30ms, application-code: 63ms)
✓ Compiled in 229ms
 GET / 200 in 168ms (next.js: 111ms, application-code: 57ms)
✓ Compiled in 295ms
 GET / 200 in 97ms (next.js: 57ms, application-code: 39ms)
✓ Compiled in 291ms
 GET / 200 in 94ms (next.js: 53ms, application-code: 41ms)
✓ Compiled in 657ms
 GET / 500 in 2.0s (next.js: 1725ms, application-code: 311ms)
 GET / 500 in 70ms (next.js: 19ms, application-code: 50ms)
 GET / 500 in 50ms (next.js: 24ms, application-code: 26ms)
 GET / 500 in 61ms (next.js: 38ms, application-code: 22ms)
[browser] Uncaught Error: ./app/dashboard/assets/page.tsx:541:14
Expected '</', got ')'
  539 |                 </div>
  540 |               </div>
> 541 |             ))}
      |              ^
  542 |           </div>
  543 |         )}
  544 |

Parsing ecmascript source code failed

Import traces:
  Client Component Browser:
    ./app/dashboard/assets/page.tsx [Client Component Browser]
    ./app/dashboard/assets/page.tsx [Server Component]

  Client Component SSR:
    ./app/dashboard/assets/page.tsx [Client Component SSR]
    ./app/dashboard/assets/page.tsx [Server Component]


    at <unknown> (Error: ./app/dashboard/assets/page.tsx:541:14)
    at <unknown> (Error: (./app/dashboard/assets/page.tsx:541:14)
✓ Compiled in 273ms
 GET / 200 in 269ms (next.js: 76ms, application-code: 192ms)
✓ Compiled in 177ms
 GET / 200 in 111ms (next.js: 65ms, application-code: 45ms)
 GET / 200 in 184ms (next.js: 136ms, application-code: 48ms)
 GET / 200 in 113ms (next.js: 73ms, application-code: 40ms)
✓ Compiled in 223ms
 GET / 200 in 120ms (next.js: 81ms, application-code: 38ms)
 GET / 200 in 102ms (next.js: 72ms, application-code: 30ms)
 GET / 200 in 327ms (next.js: 173ms, application-code: 153ms)
 GET / 200 in 151ms (next.js: 81ms, application-code: 70ms)
 GET / 200 in 128ms (next.js: 78ms, application-code: 50ms)
 GET / 200 in 95ms (next.js: 61ms, application-code: 34ms)
 GET / 200 in 89ms (next.js: 59ms, application-code: 30ms)
 GET / 200 in 120ms (next.js: 80ms, application-code: 40ms)
✓ Compiled in 223ms
 GET / 200 in 93ms (next.js: 59ms, application-code: 34ms)
 GET / 200 in 198ms (next.js: 110ms, application-code: 88ms)
 GET / 200 in 143ms (next.js: 75ms, application-code: 68ms)
 GET / 200 in 147ms (next.js: 4ms, application-code: 143ms)
 GET /business 200 in 189ms (next.js: 87ms, application-code: 103ms)
 GET /dashboard 200 in 183ms (next.js: 70ms, application-code: 113ms)
 GET /dashboard/assets 200 in 452ms (next.js: 112ms, application-code: 340ms)
 GET /dashboard/assets 200 in 65ms (next.js: 5ms, application-code: 60ms)
 GET /auth/login 200 in 93ms (next.js: 21ms, application-code: 72ms)
 GET /auth/signup 200 in 635ms (next.js: 541ms, application-code: 94ms)
 GET /scans 200 in 104ms (next.js: 31ms, application-code: 73ms)
 GET /dashboard/reports 200 in 118ms (next.js: 36ms, application-code: 83ms)
 GET /dashboard/alerts 200 in 108ms (next.js: 36ms, application-code: 72ms)
 GET /dashboard/team 200 in 100ms (next.js: 31ms, application-code: 68ms)
 GET /dashboard/billing 200 in 102ms (next.js: 33ms, application-code: 69ms)
✓ Compiled in 112ms
 GET / 200 in 339ms (next.js: 273ms, application-code: 66ms)
 GET / 200 in 191ms (next.js: 5ms, application-code: 185ms)
✓ Compiled in 85ms
 GET / 200 in 169ms (next.js: 122ms, application-code: 48ms)
 GET / 200 in 102ms (next.js: 64ms, application-code: 38ms)
 GET / 200 in 108ms (next.js: 66ms, application-code: 42ms)
 GET / 200 in 176ms (next.js: 13ms, application-code: 163ms)
 GET / 200 in 173ms (next.js: 78ms, application-code: 96ms)
 GET / 200 in 37ms (next.js: 4ms, application-code: 32ms)
 GET /about 200 in 179ms (next.js: 72ms, application-code: 107ms)
 GET / 200 in 124ms (next.js: 74ms, application-code: 50ms)
 GET /business 200 in 256ms (next.js: 83ms, application-code: 173ms)
 GET /business 200 in 110ms (next.js: 72ms, application-code: 38ms)
 GET /business 200 in 409ms (next.js: 234ms, application-code: 175ms)
 GET /business 200 in 62ms (next.js: 7ms, application-code: 56ms)
✓ Compiled in 259ms
 GET /business 200 in 121ms (next.js: 71ms, application-code: 50ms)
 GET /business 200 in 109ms (next.js: 73ms, application-code: 37ms)
✓ Compiled in 491ms
 GET /business 200 in 137ms (next.js: 92ms, application-code: 45ms)
 GET /business 200 in 139ms (next.js: 69ms, application-code: 69ms)
 GET /business 200 in 145ms (next.js: 99ms, application-code: 46ms)
 GET /business 200 in 181ms (next.js: 90ms, application-code: 91ms)
 GET /business 200 in 50ms (next.js: 6ms, application-code: 44ms)
 GET /business 500 in 44ms (next.js: 14ms, application-code: 30ms)
 GET /business 500 in 33ms (next.js: 12ms, application-code: 21ms)
 GET /business 500 in 45ms (next.js: 24ms, application-code: 21ms)
 GET /business 500 in 60ms (next.js: 36ms, application-code: 24ms)
[browser] Uncaught Error: ./app/dashboard/assets/page.tsx:1049:24
Expected '</', got ')'
  1047 |                           </div>
  1048 |                         </div>
> 1049 |                       ))}
       |                        ^
  1050 |                     </div>
  1051 |                   </div>
  1052 |                 )}

Parsing ecmascript source code failed

Import traces:
  Client Component Browser:
    ./app/dashboard/assets/page.tsx [Client Component Browser]
    ./app/dashboard/assets/page.tsx [Server Component]

  Client Component SSR:
    ./app/dashboard/assets/page.tsx [Client Component SSR]
    ./app/dashboard/assets/page.tsx [Server Component]


    at <unknown> (Error: ./app/dashboard/assets/page.tsx:1049:24)
    at <unknown> (Error: (./app/dashboard/assets/page.tsx:1049:24)
✓ Compiled in 147ms
 GET /business 200 in 267ms (next.js: 58ms, application-code: 209ms)
 GET /dashboard/assets 200 in 357ms (next.js: 113ms, application-code: 244ms)
 GET /dashboard 200 in 201ms (next.js: 71ms, application-code: 129ms)
 GET /business 200 in 79ms (next.js: 4ms, application-code: 75ms)
 GET / 200 in 102ms (next.js: 22ms, application-code: 80ms)
 GET /pricing 200 in 316ms (next.js: 125ms, application-code: 192ms)
 GET /contact 200 in 280ms (next.js: 111ms, application-code: 168ms)
 GET /business 200 in 95ms (next.js: 6ms, application-code: 89ms)
 GET /contact 200 in 82ms (next.js: 5ms, application-code: 78ms)
 GET /auth/login 200 in 294ms (next.js: 93ms, application-code: 201ms)
 GET / 200 in 64ms (next.js: 4ms, application-code: 60ms)
✓ Compiled in 201ms
 GET / 200 in 141ms (next.js: 85ms, application-code: 56ms)
 GET / 200 in 114ms (next.js: 4ms, application-code: 110ms)
 GET / 200 in 60ms (next.js: 5ms, application-code: 56ms)
 GET /about 200 in 90ms (next.js: 19ms, application-code: 71ms)
 GET /pricing 200 in 69ms (next.js: 17ms, application-code: 52ms)
 GET /business 200 in 104ms (next.js: 26ms, application-code: 78ms)
 GET / 200 in 84ms (next.js: 6ms, application-code: 78ms)
 GET /business 200 in 75ms (next.js: 7ms, application-code: 68ms)
 GET /contact 200 in 107ms (next.js: 30ms, application-code: 77ms)
✓ Compiled in 221ms
 GET / 200 in 124ms (next.js: 72ms, application-code: 52ms)
 GET /check/ver_photo_1781183958399 200 in 3.2s (next.js: 3.1s, application-code: 71ms)
 GET / 200 in 155ms (next.js: 4ms, application-code: 151ms)
 GET /contact 200 in 290ms (next.js: 144ms, application-code: 147ms)
✓ Compiled in 263ms
⚠ Fast Refresh had to perform a full reload when ./app/contact/page.tsx changed. Read more: https://nextjs.org/docs/messages/fast-refresh-reload
 GET /contact 200 in 489ms (next.js: 157ms, application-code: 332ms)
 GET /contact 200 in 235ms (next.js: 7ms, application-code: 228ms)
 GET /login 200 in 202ms (next.js: 74ms, application-code: 128ms)
 GET / 200 in 122ms (next.js: 38ms, application-code: 84ms)
✓ Compiled in 250ms
 GET / 200 in 188ms (next.js: 103ms, application-code: 84ms)
 GET /pricing 200 in 214ms (next.js: 80ms, application-code: 134ms)
 GET /contact 200 in 111ms (next.js: 23ms, application-code: 88ms)
 GET /contact 200 in 91ms (next.js: 6ms, application-code: 85ms)
 GET /login 200 in 132ms (next.js: 27ms, application-code: 105ms)
 GET /business 200 in 114ms (next.js: 23ms, application-code: 91ms)
 GET /login 200 in 61ms (next.js: 4ms, application-code: 58ms)
 GET /dashboard 200 in 57ms (next.js: 20ms, application-code: 38ms)
 GET /dashboard/assets 200 in 289ms (next.js: 27ms, application-code: 262ms)
 GET /signup 200 in 324ms (next.js: 123ms, application-code: 202ms)
 GET / 200 in 113ms (next.js: 9ms, application-code: 104ms)
 GET /login 200 in 70ms (next.js: 5ms, application-code: 66ms)
 GET /dashboard 200 in 36ms (next.js: 7ms, application-code: 29ms)
 GET /dashboard/assets 200 in 92ms (next.js: 8ms, application-code: 84ms)
 GET /signup 200 in 73ms (next.js: 4ms, application-code: 69ms)
✓ Compiled in 162ms
 GET /signup 200 in 238ms (next.js: 196ms, application-code: 42ms)
 GET / 200 in 134ms (next.js: 21ms, application-code: 112ms)
 GET /about 200 in 195ms (next.js: 86ms, application-code: 109ms)
 GET /pricing 200 in 77ms (next.js: 20ms, application-code: 57ms)
 GET /contact 200 in 75ms (next.js: 20ms, application-code: 56ms)
 GET /business 200 in 102ms (next.js: 24ms, application-code: 78ms)
 GET /login 200 in 74ms (next.js: 19ms, application-code: 55ms)
 GET /signup 200 in 55ms (next.js: 4ms, application-code: 52ms)
 GET /dashboard 200 in 74ms (next.js: 22ms, application-code: 52ms)
 GET /dashboard/assets 200 in 203ms (next.js: 18ms, application-code: 185ms)
 GET /terms 404 in 535ms (next.js: 487ms, application-code: 48ms)
 GET /privacy 404 in 62ms (next.js: 4ms, application-code: 57ms)
 GET /dashboard 200 in 67ms (next.js: 6ms, application-code: 61ms)
 GET /dashboard/team 200 in 587ms (next.js: 86ms, application-code: 501ms)
 GET /dashboard/alerts 200 in 1375ms (next.js: 891ms, application-code: 485ms)
 GET /dashboard/alerts 200 in 99ms (next.js: 6ms, application-code: 93ms)
 GET /dashboard 200 in 70ms (next.js: 4ms, application-code: 66ms)
 GET /dashboard/assets 200 in 66ms (next.js: 5ms, application-code: 61ms)
 GET /dashboard/reports 200 in 241ms (next.js: 124ms, application-code: 117ms)
 GET /dashboard/alerts 200 in 68ms (next.js: 4ms, application-code: 64ms)
 GET /dashboard/team 200 in 57ms (next.js: 4ms, application-code: 53ms)
 GET /dashboard/billing 200 in 334ms (next.js: 146ms, application-code: 187ms)
 GET /dashboard/assets 200 in 107ms (next.js: 7ms, application-code: 99ms)
 GET /dashboard/reports 200 in 80ms (next.js: 4ms, application-code: 75ms)
 GET /dashboard 200 in 499ms (next.js: 32ms, application-code: 467ms)
 GET /dashboard/assets 200 in 73ms (next.js: 7ms, application-code: 66ms)
 GET /signup 200 in 73ms (next.js: 6ms, application-code: 67ms)
 GET /scans 200 in 191ms (next.js: 81ms, application-code: 110ms)
 GET /login 200 in 49ms (next.js: 5ms, application-code: 45ms)
 GET /signup 200 in 80ms (next.js: 6ms, application-code: 74ms)
 GET /dashboard 200 in 41ms (next.js: 4ms, application-code: 36ms)
 GET /dashboard/assets 200 in 49ms (next.js: 6ms, application-code: 43ms)
 GET /signup 200 in 65ms (next.js: 8ms, application-code: 57ms)
 GET /business 200 in 84ms (next.js: 7ms, application-code: 77ms)
 GET / 200 in 111ms (next.js: 4ms, application-code: 107ms)
 GET /check/check_1781185566259 200 in 128ms (next.js: 61ms, application-code: 67ms)
 GET / 200 in 78ms (next.js: 4ms, application-code: 74ms)
 GET /check/ver_video_1781185597092 200 in 61ms (next.js: 14ms, application-code: 47ms)
 GET / 200 in 61ms (next.js: 4ms, application-code: 57ms)
 GET /business 200 in 90ms (next.js: 7ms, application-code: 83ms)
 GET / 200 in 99ms (next.js: 6ms, application-code: 93ms)
 GET /business 200 in 77ms (next.js: 6ms, application-code: 71ms)
 GET /business 200 in 73ms (next.js: 9ms, application-code: 64ms)
 GET / 200 in 77ms (next.js: 4ms, application-code: 74ms)
 GET /signup 200 in 105ms (next.js: 5ms, application-code: 100ms)
 GET /business 200 in 92ms (next.js: 4ms, application-code: 87ms)
 GET / 200 in 79ms (next.js: 3ms, application-code: 76ms)
 GET /pricing 200 in 87ms (next.js: 5ms, application-code: 82ms)
 GET /pricing 200 in 106ms (next.js: 5ms, application-code: 102ms)
 GET /signup?plan=professional 200 in 83ms (next.js: 5ms, application-code: 77ms)
 GET / 200 in 98ms (next.js: 4ms, application-code: 94ms)
 GET /business 200 in 448ms (next.js: 25ms, application-code: 422ms)
✓ Compiled in 1937ms
 GET /business 200 in 788ms (next.js: 280ms, application-code: 507ms)
 GET /business 200 in 382ms (next.js: 9ms, application-code: 373ms)
 GET /business 200 in 464ms (next.js: 204ms, application-code: 260ms)
 GET /business 200 in 470ms (next.js: 89ms, application-code: 381ms)
 GET /business 200 in 475ms (next.js: 16ms, application-code: 459ms)
 GET /business 200 in 470ms (next.js: 152ms, application-code: 319ms)
 GET /business 200 in 435ms (next.js: 14ms, application-code: 421ms)
 GET /business 200 in 315ms (next.js: 11ms, application-code: 304ms)
 GET /business 200 in 343ms (next.js: 10ms, application-code: 333ms)
 GET /business 200 in 344ms (next.js: 66ms, application-code: 278ms)
 GET /business 200 in 346ms (next.js: 122ms, application-code: 224ms)
 GET /business 200 in 346ms (next.js: 171ms, application-code: 175ms)
 GET /business 200 in 299ms (next.js: 8ms, application-code: 290ms)
 GET /business 200 in 253ms (next.js: 6ms, application-code: 246ms)
 GET /business 200 in 297ms (next.js: 8ms, application-code: 290ms)
 GET /business 200 in 297ms (next.js: 47ms, application-code: 250ms)
 GET /business 200 in 297ms (next.js: 138ms, application-code: 159ms)
 GET /business 200 in 300ms (next.js: 99ms, application-code: 201ms)
 GET /business 200 in 297ms (next.js: 7ms, application-code: 290ms)
 GET /business 200 in 251ms (next.js: 8ms, application-code: 243ms)
 GET /business 200 in 223ms (next.js: 9ms, application-code: 214ms)
 GET /business 200 in 224ms (next.js: 51ms, application-code: 173ms)
 GET /business 200 in 224ms (next.js: 90ms, application-code: 134ms)
 GET /business 200 in 224ms (next.js: 130ms, application-code: 94ms)
 GET /business 200 in 266ms (next.js: 7ms, application-code: 258ms)
 GET /business 200 in 229ms (next.js: 10ms, application-code: 219ms)
 GET /business 200 in 218ms (next.js: 7ms, application-code: 211ms)
 GET /business 200 in 219ms (next.js: 78ms, application-code: 141ms)
 GET /business 200 in 219ms (next.js: 120ms, application-code: 99ms)
 GET /business 200 in 223ms (next.js: 45ms, application-code: 178ms)
 GET /business 200 in 283ms (next.js: 5ms, application-code: 278ms)
 GET /business 200 in 245ms (next.js: 9ms, application-code: 236ms)
 GET /business 200 in 301ms (next.js: 6ms, application-code: 295ms)
 GET /business 200 in 303ms (next.js: 41ms, application-code: 262ms)
 GET /business 200 in 304ms (next.js: 94ms, application-code: 210ms)
 GET /business 200 in 305ms (next.js: 137ms, application-code: 168ms)
 GET /business 200 in 269ms (next.js: 10ms, application-code: 259ms)
 GET /business 200 in 169ms (next.js: 10ms, application-code: 159ms)
 GET /business 200 in 163ms (next.js: 7ms, application-code: 156ms)
 GET /business 200 in 163ms (next.js: 34ms, application-code: 129ms)
 GET /business 200 in 164ms (next.js: 58ms, application-code: 106ms)
 GET /business 200 in 200ms (next.js: 90ms, application-code: 109ms)
 GET /business 200 in 156ms (next.js: 5ms, application-code: 151ms)
 GET /business 200 in 122ms (next.js: 6ms, application-code: 115ms)
 GET /business 200 in 83ms (next.js: 5ms, application-code: 78ms)
 GET /business 200 in 83ms (next.js: 37ms, application-code: 46ms)
○ Compiling /business/register ...
 GET /business/register?company_name=Test&domain=example.com 200 in 63ms (next.js: 3ms, application-code: 59ms)
✓ Compiled in 326ms
 GET /business 200 in 376ms (next.js: 190ms, application-code: 186ms)
 GET /business 200 in 589ms (next.js: 16ms, application-code: 573ms)
 GET /business 200 in 504ms (next.js: 44ms, application-code: 460ms)
 GET /business 200 in 354ms (next.js: 10ms, application-code: 344ms)
 GET /business 200 in 356ms (next.js: 130ms, application-code: 226ms)
 GET /business 200 in 354ms (next.js: 180ms, application-code: 174ms)
 GET /business 200 in 354ms (next.js: 241ms, application-code: 113ms)
 GET /business 200 in 313ms (next.js: 6ms, application-code: 307ms)
 GET /business 200 in 314ms (next.js: 10ms, application-code: 304ms)
 GET /business 200 in 264ms (next.js: 11ms, application-code: 253ms)
 GET /business 200 in 265ms (next.js: 60ms, application-code: 206ms)
 GET /business 200 in 266ms (next.js: 97ms, application-code: 168ms)
 GET /business 200 in 265ms (next.js: 147ms, application-code: 118ms)
 GET /business 200 in 366ms (next.js: 10ms, application-code: 357ms)
 GET /business 200 in 409ms (next.js: 19ms, application-code: 390ms)
 GET /business 200 in 345ms (next.js: 11ms, application-code: 334ms)
 GET /business 200 in 349ms (next.js: 52ms, application-code: 297ms)
 GET /business 200 in 349ms (next.js: 113ms, application-code: 236ms)
 GET /business 200 in 350ms (next.js: 162ms, application-code: 188ms)
 GET /business 200 in 525ms (next.js: 8ms, application-code: 517ms)
 GET /business 200 in 503ms (next.js: 22ms, application-code: 481ms)
 GET /business 200 in 378ms (next.js: 10ms, application-code: 368ms)
 GET /business 200 in 382ms (next.js: 100ms, application-code: 282ms)
 GET /business 200 in 380ms (next.js: 167ms, application-code: 213ms)
 GET /business 200 in 231ms (next.js: 9ms, application-code: 222ms)
 GET /business 200 in 511ms (next.js: 7ms, application-code: 504ms)
 GET /business 200 in 491ms (next.js: 17ms, application-code: 474ms)
 GET /business 200 in 415ms (next.js: 10ms, application-code: 405ms)
 GET /business 200 in 415ms (next.js: 71ms, application-code: 344ms)
 GET /business 200 in 415ms (next.js: 136ms, application-code: 280ms)
 GET /business 200 in 258ms (next.js: 8ms, application-code: 250ms)
 GET /business 200 in 306ms (next.js: 7ms, application-code: 298ms)
 GET /business 200 in 307ms (next.js: 9ms, application-code: 298ms)
 GET /business 200 in 265ms (next.js: 8ms, application-code: 257ms)
 GET /business 200 in 264ms (next.js: 95ms, application-code: 169ms)
 GET /business 200 in 267ms (next.js: 54ms, application-code: 213ms)
 GET /business 200 in 248ms (next.js: 7ms, application-code: 241ms)
 GET /business 200 in 233ms (next.js: 10ms, application-code: 224ms)
 GET /business 200 in 219ms (next.js: 9ms, application-code: 210ms)
 GET /business 200 in 209ms (next.js: 9ms, application-code: 200ms)
 GET /business 200 in 208ms (next.js: 46ms, application-code: 163ms)
 GET /business 200 in 272ms (next.js: 76ms, application-code: 195ms)
 GET /business 200 in 365ms (next.js: 7ms, application-code: 359ms)
 GET /business 200 in 329ms (next.js: 12ms, application-code: 318ms)
 GET /business 200 in 373ms (next.js: 6ms, application-code: 366ms)
 GET /business 200 in 298ms (next.js: 6ms, application-code: 292ms)
 GET /business 200 in 302ms (next.js: 113ms, application-code: 189ms)
 GET /business 200 in 104ms (next.js: 14ms, application-code: 89ms)
 GET /business 200 in 424ms (next.js: 257ms, application-code: 167ms)
 GET /business 200 in 920ms (next.js: 263ms, application-code: 656ms)
 GET /business 200 in 514ms (next.js: 11ms, application-code: 503ms)
 GET /business 200 in 567ms (next.js: 18ms, application-code: 549ms)
 GET /business 200 in 569ms (next.js: 145ms, application-code: 424ms)
 GET /business 200 in 567ms (next.js: 222ms, application-code: 345ms)
 GET /business 200 in 566ms (next.js: 290ms, application-code: 276ms)
 GET /business 200 in 454ms (next.js: 12ms, application-code: 442ms)
 GET /business 200 in 376ms (next.js: 13ms, application-code: 362ms)
 GET /business 200 in 593ms (next.js: 75ms, application-code: 519ms)
 GET /business 200 in 609ms (next.js: 14ms, application-code: 596ms)
 GET /business 200 in 610ms (next.js: 134ms, application-code: 476ms)
 GET /business 200 in 614ms (next.js: 200ms, application-code: 414ms)
 GET /business 200 in 741ms (next.js: 9ms, application-code: 733ms)
 GET /business 200 in 568ms (next.js: 42ms, application-code: 526ms)
 GET /business 200 in 591ms (next.js: 15ms, application-code: 576ms)
 GET /business 200 in 590ms (next.js: 235ms, application-code: 355ms)
 GET /business 200 in 596ms (next.js: 165ms, application-code: 431ms)
 GET /business 200 in 592ms (next.js: 298ms, application-code: 294ms)
 GET /business 200 in 490ms (next.js: 15ms, application-code: 475ms)
 GET /business 200 in 402ms (next.js: 22ms, application-code: 381ms)
 GET /business 200 in 400ms (next.js: 12ms, application-code: 388ms)
 GET /business 200 in 399ms (next.js: 75ms, application-code: 324ms)
 GET /business 200 in 400ms (next.js: 142ms, application-code: 257ms)
 GET /business 200 in 400ms (next.js: 198ms, application-code: 202ms)
 GET /business 200 in 362ms (next.js: 7ms, application-code: 356ms)
 GET /business 200 in 301ms (next.js: 6ms, application-code: 295ms)
 GET /business 200 in 349ms (next.js: 8ms, application-code: 340ms)
 GET /business 200 in 348ms (next.js: 121ms, application-code: 227ms)
 GET /business 200 in 350ms (next.js: 74ms, application-code: 276ms)
 GET /business 200 in 354ms (next.js: 172ms, application-code: 182ms)
 GET /business 200 in 335ms (next.js: 10ms, application-code: 326ms)
 GET /business 200 in 335ms (next.js: 63ms, application-code: 272ms)
 GET /business 200 in 336ms (next.js: 10ms, application-code: 326ms)
 GET /business 200 in 335ms (next.js: 57ms, application-code: 278ms)
 GET /business 200 in 335ms (next.js: 107ms, application-code: 228ms)
 GET /business 200 in 187ms (next.js: 8ms, application-code: 179ms)
 GET /business 200 in 457ms (next.js: 7ms, application-code: 450ms)
 GET /business 200 in 403ms (next.js: 9ms, application-code: 394ms)
 GET /business 200 in 403ms (next.js: 10ms, application-code: 394ms)
 GET /business 200 in 404ms (next.js: 54ms, application-code: 350ms)
 GET /business 200 in 462ms (next.js: 108ms, application-code: 354ms)
 GET /business 200 in 299ms (next.js: 9ms, application-code: 290ms)
 GET /business 200 in 400ms (next.js: 8ms, application-code: 392ms)
 GET /business 200 in 345ms (next.js: 9ms, application-code: 336ms)
 GET /business 200 in 297ms (next.js: 11ms, application-code: 286ms)
 GET /business 200 in 300ms (next.js: 55ms, application-code: 245ms)
 GET /business 200 in 468ms (next.js: 7ms, application-code: 461ms)
 GET /business 200 in 392ms (next.js: 13ms, application-code: 379ms)
 GET /business 200 in 304ms (next.js: 23ms, application-code: 281ms)
 GET /business 200 in 294ms (next.js: 136ms, application-code: 158ms)
 GET /business/register?company_name=TestCo&domain=example.com&email=admin@example.com 200 in 661ms (next.js: 323ms, application-code: 338ms)
 GET /business/email-sent?email=admin@example.com&domain=example.com 200 in 1753ms (next.js: 1627ms, application-code: 125ms)
 GET /business/verify-email?token=test123&email=admin@example.com 200 in 1650ms (next.js: 1560ms, application-code: 90ms)
 GET /business/register?company_name=TestCompany&domain=example.com&email=test@example.com 200 in 87ms (next.js: 8ms, application-code: 79ms)
✓ Compiled in 384ms
 GET /business 200 in 311ms (next.js: 214ms, application-code: 97ms)
 GET /business/register?company_name=TestCo&domain=example.com&email=test@example.com 200 in 229ms (next.js: 115ms, application-code: 113ms)
 GET /business/register?company=KTRAVO&domain=ktravo.net&email=admin%40ktravo.net&phone=%2B250788613669&country=RW&size=1-10&industry=fintech 200 in 63ms (next.js: 4ms, application-code: 58ms)
[browser] Uncaught Error: Hydration failed because the server rendered text didn't match the client. As a result this tree will be regenerated on the client. This can happen if a SSR-ed Client Component used:

- A server/client branch `if (typeof window !== 'undefined')`.
- Variable input such as `Date.now()` or `Math.random()` which changes each time it's called.
- Date formatting in a user's locale which doesn't match the server.
- External changing data without sending a snapshot of it along with the HTML.
- Invalid HTML tag nesting.

It can also happen if the client has a browser extension installed which messes with the HTML before React loaded.

https://react.dev/link/hydration-mismatch

  ...
    <InnerLayoutRouter url={"/busines..."} tree={[...]} params={{}} cacheNode={{rsc:{...}, ...}} segmentPath={[...]} ...>
      <SegmentViewNode type="page" pagePath="business/r...">
        <SegmentTrieNode>
        <ClientPageRoot Component={function BusinessRegisterPage} serverProvidedParams={{...}}>
          <BusinessRegisterPage params={Promise} searchParams={Promise}>
            <main className="min-h-scre...">
              <nav>
              <div className="container ...">
                <div className="max-w-4xl ...">
                  <div>
                  <div>
                  <div className="space-y-6 ...">
                    <div onClick={function onClick} onMouseEnter={function onMouseEnter} className="bg-slate-8..." ...>
                      <div className="flex items...">
                        <div>
                        <div className="flex-1">
                          <div>
                          <p>
                          <div className="bg-slate-9...">
                            <div>
                            <div className="font-mono ...">
                              <span>
                              <span className="text-white font-semibold">
+                               acti-bhy714gsa
-                               acti-qxl0amu6nvc
                    ...
                  ...
              ...
      ...

    at <unknown> (https://react.dev/link/hydration-mismatch)
    at span (<anonymous>)
    at <unknown> (app/business/register/page.tsx:263:31)
    at Array.map (<anonymous>)
    at <unknown> (app/business/register/page.tsx:260:43)
    at Array.map (<anonymous>)
    at BusinessRegisterPage (app/business/register/page.tsx:211:34)
  261 |                             <div key={index} className="font-mono text-sm mb-2 last:mb-0">
  262 |                               <span className="text-gray-400">{detail.label}</span>{' '}
> 263 |                               <span className="text-white font-semibold">{detail.value}</...
      |                               ^
  264 |                             </div>
  265 |                           ))}
  266 |                         </div>
✓ Compiled in 142ms
 GET /business/register?company=KTRAVO&domain=ktravo.net&email=admin%40ktravo.net&phone=%2B250788613669&country=RW&size=1-10&industry=fintech 200 in 152ms (next.js: 107ms, application-code: 45ms)
✓ Compiled in 85ms
⚠ Fast Refresh had to perform a full reload due to a runtime error.
 GET /business/register?company=KTRAVO&domain=ktravo.net&email=admin%40ktravo.net&phone=%2B250788613669&country=RW&size=1-10&industry=fintech 200 in 250ms (next.js: 110ms, application-code: 140ms)
 GET /business/register?company=ktravo&domain=ktravo.net&email=admin%40ktravo.net&phone=%2B250788613669&country=RW&size=1-10&industry=fintech 200 in 110ms (next.js: 8ms, application-code: 102ms)
 GET /business/email-sent?email=admin%40ktravo.net&domain=ktravo.net 200 in 138ms (next.js: 37ms, application-code: 101ms)
✓ Compiled in 256ms
 GET /business/register?company=ktravo&domain=ktravo.net&email=admin%40ktravo.net&phone=%2B250788613669&country=RW&size=1-10&industry=fintech 200 in 184ms (next.js: 112ms, application-code: 71ms)
✓ Compiled in 198ms
 GET /business/register?company=ktravo&domain=ktravo.net&email=admin%40ktravo.net&phone=%2B250788613669&country=RW&size=1-10&industry=fintech 200 in 138ms (next.js: 91ms, application-code: 47ms)
 GET /business 200 in 54ms (next.js: 23ms, application-code: 32ms)
 GET /business 200 in 111ms (next.js: 4ms, application-code: 108ms)
 GET /business 200 in 142ms (next.js: 6ms, application-code: 136ms)
 GET /business 200 in 70ms (next.js: 5ms, application-code: 65ms)
 GET /business 200 in 98ms (next.js: 5ms, application-code: 93ms)
 GET /business/register?company=ktravo&domain=ktravo.net&email=admin%40ktravo.net&phone=%2B250788613669&country=RW&size=1-10&industry=fintech 200 in 84ms (next.js: 5ms, application-code: 79ms)
 GET /business/register?company=ktravo&domain=ktravo.net&email=admin%40ktravo.net&phone=%2B250788613669&country=RW&size=1-10&industry=fintech 200 in 67ms (next.js: 3ms, application-code: 64ms)
 GET /business/register?company=ktravo&domain=ktravo.net&email=admin%40ktravo.net&phone=%2B250788613669&country=RW&size=1-10&industry=fintech 200 in 61ms (next.js: 3ms, application-code: 58ms)
 GET /business/register?company=ktravo&domain=ktravo.net&email=admin%40ktravo.net&phone=%2B250788613669&country=RW&size=1-10&industry=fintech 200 in 129ms (next.js: 5ms, application-code: 124ms)
 GET /business/register?company=ktravo&domain=ktravo.net&email=admin%40ktravo.net&phone=%2B250788613669&country=RW&size=1-10&industry=fintech 200 in 80ms (next.js: 5ms, application-code: 75ms)
 GET /business/register?company=ktravo&domain=ktravo.net&email=admin%40ktravo.net&phone=%2B250788613669&country=RW&size=1-10&industry=fintech 200 in 108ms (next.js: 6ms, application-code: 102ms)
 GET /business/register?company=ktravo&domain=ktravo.net&email=admin%40ktravo.net&phone=%2B250788613669&country=RW&size=1-10&industry=fintech 200 in 83ms (next.js: 7ms, application-code: 76ms)
 GET /business/register?company=ktravo&domain=ktravo.net&email=admin%40ktravo.net&phone=%2B250788613669&country=RW&size=1-10&industry=fintech 200 in 85ms (next.js: 4ms, application-code: 80ms)
 GET /business/register?company=ktravo&domain=ktravo.net&email=admin%40ktravo.net&phone=%2B250788613669&country=RW&size=1-10&industry=fintech 200 in 92ms (next.js: 4ms, application-code: 89ms)
 GET /business 200 in 24ms (next.js: 3ms, application-code: 21ms)
 GET /business/register?company=ktravo&domain=ktravo.net&email=admin%40ktravo.net&phone=%2B250788613669&country=RW&size=1-10&industry=fintech 200 in 82ms (next.js: 5ms, application-code: 77ms)
 GET /business/register?company=ktravo&domain=ktravo.net&email=admin%40ktravo.net&phone=%2B250788613669&country=RW&size=1-10&industry=fintech 200 in 89ms (next.js: 7ms, application-code: 82ms)
 GET / 200 in 120ms (next.js: 34ms, application-code: 86ms)
 GET /business 200 in 80ms (next.js: 4ms, application-code: 76ms)
 GET / 200 in 61ms (next.js: 5ms, application-code: 56ms)
 GET /business 200 in 89ms (next.js: 5ms, application-code: 83ms)
 GET /business/register?company_name=Test&domain=ktravo.net 200 in 136ms (next.js: 5ms, application-code: 131ms)
 GET /business 200 in 358ms (next.js: 99ms, application-code: 259ms)
 GET /business/register?company=ktravo&domain=ktravo.net&email=admin%40ktravo.net&phone=%2B250788613669&country=RW&size=1-10&industry=fintech 200 in 357ms (next.js: 151ms, application-code: 207ms)
 GET /business 200 in 176ms (next.js: 6ms, application-code: 171ms)
 GET /business/register?company=ktravo&domain=ktravo.net&email=admin%40ktravo.net&phone=%2B250788613669&country=RW&size=1-10&industry=fintech 200 in 211ms (next.js: 26ms, application-code: 185ms)
 GET /business 200 in 195ms (next.js: 34ms, application-code: 160ms)
 GET /business 200 in 197ms (next.js: 6ms, application-code: 191ms)
 GET /business 200 in 274ms (next.js: 6ms, application-code: 268ms)
 GET /business 200 in 275ms (next.js: 39ms, application-code: 236ms)
 GET /business 200 in 198ms (next.js: 5ms, application-code: 193ms)
 GET /business 200 in 234ms (next.js: 8ms, application-code: 227ms)
 GET /business 200 in 237ms (next.js: 8ms, application-code: 229ms)
 GET /business 200 in 238ms (next.js: 53ms, application-code: 186ms)
 GET /business 200 in 286ms (next.js: 7ms, application-code: 278ms)
 GET /business 200 in 286ms (next.js: 44ms, application-code: 242ms)
 GET /business 200 in 217ms (next.js: 7ms, application-code: 210ms)
 GET /business 200 in 236ms (next.js: 10ms, application-code: 226ms)
 GET /business 200 in 302ms (next.js: 6ms, application-code: 296ms)
 GET /business 200 in 354ms (next.js: 47ms, application-code: 306ms)
 GET /business 200 in 253ms (next.js: 10ms, application-code: 243ms)
 GET /business 200 in 191ms (next.js: 9ms, application-code: 182ms)
 GET /business 200 in 269ms (next.js: 64ms, application-code: 206ms)
 GET /business 200 in 191ms (next.js: 7ms, application-code: 185ms)
 GET /business 200 in 243ms (next.js: 17ms, application-code: 227ms)
 GET /business 200 in 242ms (next.js: 53ms, application-code: 189ms)
 GET /business 200 in 161ms (next.js: 10ms, application-code: 151ms)
 GET /business 200 in 162ms (next.js: 42ms, application-code: 120ms)
 GET /business 200 in 180ms (next.js: 11ms, application-code: 170ms)
 GET /business 200 in 178ms (next.js: 5ms, application-code: 173ms)
 GET /business 200 in 256ms (next.js: 8ms, application-code: 248ms)
 GET /business 200 in 256ms (next.js: 45ms, application-code: 211ms)
 GET /business 200 in 172ms (next.js: 8ms, application-code: 164ms)
 GET /business 200 in 173ms (next.js: 42ms, application-code: 132ms)
 GET /business 200 in 152ms (next.js: 6ms, application-code: 146ms)
 GET /business 200 in 154ms (next.js: 6ms, application-code: 148ms)
 GET /business 200 in 208ms (next.js: 9ms, application-code: 200ms)
 GET /business 200 in 208ms (next.js: 36ms, application-code: 171ms)
 GET /business 200 in 144ms (next.js: 13ms, application-code: 131ms)
 GET /business 200 in 150ms (next.js: 7ms, application-code: 143ms)
 GET /business 200 in 185ms (next.js: 34ms, application-code: 152ms)
 GET /business 200 in 160ms (next.js: 6ms, application-code: 154ms)
 GET /business 200 in 266ms (next.js: 9ms, application-code: 257ms)
 GET /business 200 in 265ms (next.js: 43ms, application-code: 222ms)
 GET /business 200 in 229ms (next.js: 42ms, application-code: 187ms)
 GET /business 200 in 160ms (next.js: 6ms, application-code: 154ms)
 GET /business 200 in 227ms (next.js: 8ms, application-code: 219ms)
 GET /business 200 in 236ms (next.js: 13ms, application-code: 223ms)
 GET /business 200 in 288ms (next.js: 8ms, application-code: 280ms)
 GET /business 200 in 182ms (next.js: 39ms, application-code: 143ms)
 GET /business 200 in 185ms (next.js: 6ms, application-code: 179ms)
 GET /business 200 in 214ms (next.js: 71ms, application-code: 144ms)
 GET /business 200 in 123ms (next.js: 6ms, application-code: 117ms)
 GET /business 200 in 150ms (next.js: 6ms, application-code: 144ms)
 GET /business 200 in 215ms (next.js: 8ms, application-code: 207ms)
 GET /business 200 in 180ms (next.js: 6ms, application-code: 175ms)
 GET /business/register?company=ktravo&domain=ktravo.net&email=admin%40ktravo.net&phone=%2B250788613669&country=RW&size=1-10&industry=fintech 200 in 182ms (next.js: 32ms, application-code: 149ms)
 GET /business/register?company=ktravo&domain=ktravo.net&email=admin%40ktravo.net&phone=%2B250788613669&country=RW&size=1-10&industry=fintech 200 in 190ms (next.js: 36ms, application-code: 154ms)
 GET /business/register?company=ktravo&domain=ktravo.net&email=admin%40ktravo.net&phone=%2B250788613669&country=RW&size=1-10&industry=fintech 200 in 162ms (next.js: 5ms, application-code: 158ms)
 GET /business/register?company=ktravo&domain=ktravo.net&email=admin%40ktravo.net&phone=%2B250788613669&country=RW&size=1-10&industry=fintech 200 in 167ms (next.js: 6ms, application-code: 161ms)
 GET /business/register?company=ktravo&domain=ktravo.net&email=admin%40ktravo.net&phone=%2B250788613669&country=RW&size=1-10&industry=fintech 200 in 232ms (next.js: 6ms, application-code: 226ms)
 GET /business/register?company=ktravo&domain=ktravo.net&email=admin%40ktravo.net&phone=%2B250788613669&country=RW&size=1-10&industry=fintech 200 in 196ms (next.js: 5ms, application-code: 191ms)
 GET /business/register?company=ktravo&domain=ktravo.net&email=admin%40ktravo.net&phone=%2B250788613669&country=RW&size=1-10&industry=fintech 200 in 197ms (next.js: 37ms, application-code: 159ms)
 GET /business/register?company=ktravo&domain=ktravo.net&email=admin%40ktravo.net&phone=%2B250788613669&country=RW&size=1-10&industry=fintech 200 in 174ms (next.js: 9ms, application-code: 165ms)
 GET /business/register?company=ktravo&domain=ktravo.net&email=admin%40ktravo.net&phone=%2B250788613669&country=RW&size=1-10&industry=fintech 200 in 207ms (next.js: 7ms, application-code: 200ms)
 GET /business/register?company=ktravo&domain=ktravo.net&email=admin%40ktravo.net&phone=%2B250788613669&country=RW&size=1-10&industry=fintech 200 in 207ms (next.js: 38ms, application-code: 170ms)
 GET /business/register?company=ktravo&domain=ktravo.net&email=admin%40ktravo.net&phone=%2B250788613669&country=RW&size=1-10&industry=fintech 200 in 244ms (next.js: 8ms, application-code: 236ms)
 GET /business/register?company=ktravo&domain=ktravo.net&email=admin%40ktravo.net&phone=%2B250788613669&country=RW&size=1-10&industry=fintech 200 in 204ms (next.js: 7ms, application-code: 197ms)
 GET /business/register?company=ktravo&domain=ktravo.net&email=admin%40ktravo.net&phone=%2B250788613669&country=RW&size=1-10&industry=fintech 200 in 201ms (next.js: 37ms, application-code: 164ms)
 GET /business/register?company=ktravo&domain=ktravo.net&email=admin%40ktravo.net&phone=%2B250788613669&country=RW&size=1-10&industry=fintech 200 in 195ms (next.js: 5ms, application-code: 189ms)
 GET /business/register?company=ktravo&domain=ktravo.net&email=admin%40ktravo.net&phone=%2B250788613669&country=RW&size=1-10&industry=fintech 200 in 220ms (next.js: 6ms, application-code: 214ms)
 GET /business/register?company=ktravo&domain=ktravo.net&email=admin%40ktravo.net&phone=%2B250788613669&country=RW&size=1-10&industry=fintech 200 in 221ms (next.js: 36ms, application-code: 185ms)
 GET /business/register?company=ktravo&domain=ktravo.net&email=admin%40ktravo.net&phone=%2B250788613669&country=RW&size=1-10&industry=fintech 200 in 245ms (next.js: 6ms, application-code: 239ms)
 GET /business/register?company=ktravo&domain=ktravo.net&email=admin%40ktravo.net&phone=%2B250788613669&country=RW&size=1-10&industry=fintech 200 in 213ms (next.js: 4ms, application-code: 209ms)
 GET /business/register?company=ktravo&domain=ktravo.net&email=admin%40ktravo.net&phone=%2B250788613669&country=RW&size=1-10&industry=fintech 200 in 198ms (next.js: 9ms, application-code: 189ms)
 GET /business/register?company=ktravo&domain=ktravo.net&email=admin%40ktravo.net&phone=%2B250788613669&country=RW&size=1-10&industry=fintech 200 in 141ms (next.js: 7ms, application-code: 135ms)
 GET /business/register?company=ktravo&domain=ktravo.net&email=admin%40ktravo.net&phone=%2B250788613669&country=RW&size=1-10&industry=fintech 200 in 158ms (next.js: 5ms, application-code: 154ms)
 GET /business/register?company=ktravo&domain=ktravo.net&email=admin%40ktravo.net&phone=%2B250788613669&country=RW&size=1-10&industry=fintech 200 in 206ms (next.js: 35ms, application-code: 171ms)
 GET /business/register?company=ktravo&domain=ktravo.net&email=admin%40ktravo.net&phone=%2B250788613669&country=RW&size=1-10&industry=fintech 200 in 269ms (next.js: 4ms, application-code: 265ms)
 GET /business/register?company=ktravo&domain=ktravo.net&email=admin%40ktravo.net&phone=%2B250788613669&country=RW&size=1-10&industry=fintech 200 in 244ms (next.js: 7ms, application-code: 237ms)
 GET /business/register?company=ktravo&domain=ktravo.net&email=admin%40ktravo.net&phone=%2B250788613669&country=RW&size=1-10&industry=fintech 200 in 296ms (next.js: 9ms, application-code: 287ms)
 GET /business/register?company=ktravo&domain=ktravo.net&email=admin%40ktravo.net&phone=%2B250788613669&country=RW&size=1-10&industry=fintech 200 in 296ms (next.js: 52ms, application-code: 243ms)
 GET /business/register?company=ktravo&domain=ktravo.net&email=admin%40ktravo.net&phone=%2B250788613669&country=RW&size=1-10&industry=fintech 200 in 244ms (next.js: 5ms, application-code: 239ms)
 GET /business/register?company=ktravo&domain=ktravo.net&email=admin%40ktravo.net&phone=%2B250788613669&country=RW&size=1-10&industry=fintech 200 in 281ms (next.js: 4ms, application-code: 277ms)
 GET /business/register?company=ktravo&domain=ktravo.net&email=admin%40ktravo.net&phone=%2B250788613669&country=RW&size=1-10&industry=fintech 200 in 309ms (next.js: 9ms, application-code: 300ms)
 GET /business/register?company=ktravo&domain=ktravo.net&email=admin%40ktravo.net&phone=%2B250788613669&country=RW&size=1-10&industry=fintech 200 in 200ms (next.js: 6ms, application-code: 193ms)
 GET /business/register?company=ktravo&domain=ktravo.net&email=admin%40ktravo.net&phone=%2B250788613669&country=RW&size=1-10&industry=fintech 200 in 164ms (next.js: 8ms, application-code: 157ms)
 GET /business/register?company=ktravo&domain=ktravo.net&email=admin%40ktravo.net&phone=%2B250788613669&country=RW&size=1-10&industry=fintech 200 in 195ms (next.js: 39ms, application-code: 157ms)
 GET /business/register?company=ktravo&domain=ktravo.net&email=admin%40ktravo.net&phone=%2B250788613669&country=RW&size=1-10&industry=fintech 200 in 127ms (next.js: 7ms, application-code: 120ms)
 GET /business/register?company=ktravo&domain=ktravo.net&email=admin%40ktravo.net&phone=%2B250788613669&country=RW&size=1-10&industry=fintech 200 in 221ms (next.js: 4ms, application-code: 217ms)
 GET /business/register?company=ktravo&domain=ktravo.net&email=admin%40ktravo.net&phone=%2B250788613669&country=RW&size=1-10&industry=fintech 200 in 226ms (next.js: 8ms, application-code: 219ms)
 GET /business/register?company=ktravo&domain=ktravo.net&email=admin%40ktravo.net&phone=%2B250788613669&country=RW&size=1-10&industry=fintech 200 in 195ms (next.js: 8ms, application-code: 187ms)
 GET /business/register?company=ktravo&domain=ktravo.net&email=admin%40ktravo.net&phone=%2B250788613669&country=RW&size=1-10&industry=fintech 200 in 161ms (next.js: 7ms, application-code: 154ms)
 GET /business/register?company=ktravo&domain=ktravo.net&email=admin%40ktravo.net&phone=%2B250788613669&country=RW&size=1-10&industry=fintech 200 in 195ms (next.js: 48ms, application-code: 147ms)
 GET /business/register?company=ktravo&domain=ktravo.net&email=admin%40ktravo.net&phone=%2B250788613669&country=RW&size=1-10&industry=fintech 200 in 194ms (next.js: 76ms, application-code: 118ms)
 GET /business/register?company=ktravo&domain=ktravo.net&email=admin%40ktravo.net&phone=%2B250788613669&country=RW&size=1-10&industry=fintech 200 in 171ms (next.js: 6ms, application-code: 165ms)
 GET /business/register?company=ktravo&domain=ktravo.net&email=admin%40ktravo.net&phone=%2B250788613669&country=RW&size=1-10&industry=fintech 200 in 188ms (next.js: 7ms, application-code: 182ms)
 GET /business/register?company=ktravo&domain=ktravo.net&email=admin%40ktravo.net&phone=%2B250788613669&country=RW&size=1-10&industry=fintech 200 in 155ms (next.js: 6ms, application-code: 149ms)
 GET /business/register?company=ktravo&domain=ktravo.net&email=admin%40ktravo.net&phone=%2B250788613669&country=RW&size=1-10&industry=fintech 200 in 128ms (next.js: 4ms, application-code: 124ms)
 GET /business/register?company=ktravo&domain=ktravo.net&email=admin%40ktravo.net&phone=%2B250788613669&country=RW&size=1-10&industry=fintech 200 in 161ms (next.js: 31ms, application-code: 130ms)
 GET /business/register?company=ktravo&domain=ktravo.net&email=admin%40ktravo.net&phone=%2B250788613669&country=RW&size=1-10&industry=fintech 200 in 137ms (next.js: 32ms, application-code: 105ms)
 GET /business/register?company=ktravo&domain=ktravo.net&email=admin%40ktravo.net&phone=%2B250788613669&country=RW&size=1-10&industry=fintech 200 in 195ms (next.js: 5ms, application-code: 190ms)
 GET /business/register?company=ktravo&domain=ktravo.net&email=admin%40ktravo.net&phone=%2B250788613669&country=RW&size=1-10&industry=fintech 200 in 158ms (next.js: 6ms, application-code: 153ms)
 GET /business/register?company=ktravo&domain=ktravo.net&email=admin%40ktravo.net&phone=%2B250788613669&country=RW&size=1-10&industry=fintech 200 in 122ms (next.js: 8ms, application-code: 114ms)
 GET /business/register?company=ktravo&domain=ktravo.net&email=admin%40ktravo.net&phone=%2B250788613669&country=RW&size=1-10&industry=fintech 200 in 79ms (next.js: 7ms, application-code: 71ms)
 GET /business/register?company=ktravo&domain=ktravo.net&email=admin%40ktravo.net&phone=%2B250788613669&country=RW&size=1-10&industry=fintech 200 in 78ms (next.js: 36ms, application-code: 42ms)
 GET /business/test-register 200 in 1187ms (next.js: 995ms, application-code: 191ms)
 GET /business/register?company=ktravo&domain=ktravo.net&email=admin%40ktravo.net&phone=%2B250788613669&country=RW&size=1-10&industry=fintech 200 in 110ms (next.js: 9ms, application-code: 101ms)
✓ Compiled in 323ms
 GET /business/register?company=ktravo&domain=ktravo.net&email=admin%40ktravo.net&phone=%2B250788613669&country=RW&size=1-10&industry=fintech 200 in 201ms (next.js: 99ms, application-code: 102ms)
 GET /business/register?company=ktravo&domain=ktravo.net&email=admin%40ktravo.net&phone=%2B250788613669&country=RW&size=1-10&industry=fintech 200 in 49ms (next.js: 4ms, application-code: 45ms)
 GET /business/register?company=ktravo&domain=ktravo.net&email=admin%40ktravo.net&phone=%2B250788613669&country=RW&size=1-10&industry=fintech 200 in 226ms (next.js: 75ms, application-code: 151ms)
 GET /business/register?company=ktravo&domain=ktravo.net&email=admin%40ktravo.net&phone=%2B250788613669&country=RW&size=1-10&industry=fintech 200 in 91ms (next.js: 5ms, application-code: 87ms)
 GET /business 200 in 285ms (next.js: 132ms, application-code: 153ms)
[?25h
